2025-02-25 22:29:03,210 - ERROR: Error extracting data from https://www.instagram.com/iamteresa0424/reel/DBN_hNbSNzz/: Timeout 30000ms exceeded.
2025-02-25 22:29:33,920 - ERROR: Error extracting data from https://www.instagram.com/iamteresa0424/reel/C8I7Ca0vJVm/: Timeout 30000ms exceeded.
2025-02-25 22:30:04,706 - ERROR: Error extracting data from https://www.instagram.com/iamteresa0424/reel/C6_VJRaP0Bz/: Timeout 30000ms exceeded.
2025-02-25 22:30:35,430 - ERROR: Error extracting data from https://www.instagram.com/iamteresa0424/reel/DGfrd40y11Y/: Timeout 30000ms exceeded.
2025-02-25 22:31:06,224 - ERROR: Error extracting data from https://www.instagram.com/iamteresa0424/reel/DGfRvevyWep/: Timeout 30000ms exceeded.
2025-02-25 22:31:43,540 - ERROR: Error extracting data from https://www.instagram.com/iamteresa0424/reel/DGdHJPkSprU/: Timeout 30000ms exceeded.
2025-02-25 22:32:14,268 - ERROR: Error extracting data from https://www.instagram.com/iamteresa0424/reel/DGcq3-xS_x_/: Timeout 30000ms exceeded.
2025-02-25 22:32:57,223 - ERROR: Error extracting data from https://www.instagram.com/solo_guide/reel/DGfJSVjTuxh/: Timeout 30000ms exceeded.
2025-02-25 22:33:39,419 - ERROR: Error extracting data from https://www.instagram.com/solo_guide/reel/DGUuQt-T6Bw/: Timeout 30000ms exceeded.
2025-02-25 22:34:15,274 - ERROR: Error extracting data from https://www.instagram.com/solo_guide/reel/DGNqg0kT3WA/: Timeout 30000ms exceeded.
2025-02-25 22:34:52,735 - ERROR: Error extracting data from https://www.instagram.com/solo_guide/reel/DGKiAgfz2RR/: Timeout 30000ms exceeded.
2025-02-25 22:35:28,559 - ERROR: Error extracting data from https://www.instagram.com/solo_guide/reel/DGF-TM6z8TL/: Timeout 30000ms exceeded.
2025-02-25 22:35:28,620 - INFO: JSON data saved as ig_data_20250225.json
2025-02-25 22:39:23,066 - ERROR: Error extracting data from https://www.instagram.com/iamteresa0424/reel/DBN_hNbSNzz/: Timeout 30000ms exceeded.
2025-02-25 22:39:54,012 - ERROR: Error extracting data from https://www.instagram.com/iamteresa0424/reel/C8I7Ca0vJVm/: Timeout 30000ms exceeded.
2025-02-25 22:40:25,915 - ERROR: Error extracting data from https://www.instagram.com/solo_guide/reel/DGfJSVjTuxh/: Timeout 30000ms exceeded.
2025-02-25 22:40:56,723 - ERROR: Error extracting data from https://www.instagram.com/solo_guide/reel/DGdMFpPzVn4/: Timeout 30000ms exceeded.
2025-02-25 22:40:57,881 - INFO: JSON data saved as ig_data_20250225.json
2025-02-25 22:44:38,502 - ERROR: Error extracting data from https://www.instagram.com/iamteresa0424/reel/DBN_hNbSNzz/: Timeout 30000ms exceeded.
2025-02-25 22:45:09,309 - ERROR: Error extracting data from https://www.instagram.com/iamteresa0424/reel/C8I7Ca0vJVm/: Timeout 30000ms exceeded.
2025-02-25 22:45:40,058 - ERROR: Error extracting data from https://www.instagram.com/iamteresa0424/reel/C6_VJRaP0Bz/: Timeout 30000ms exceeded.
2025-02-25 22:46:10,812 - ERROR: Error extracting data from https://www.instagram.com/iamteresa0424/reel/DGfrd40y11Y/: Timeout 30000ms exceeded.
2025-02-25 22:46:41,605 - ERROR: Error extracting data from https://www.instagram.com/iamteresa0424/reel/DGfRvevyWep/: Timeout 30000ms exceeded.
2025-02-25 22:47:22,898 - ERROR: Error extracting data from https://www.instagram.com/iamteresa0424/reel/DGcq3-xS_x_/: Timeout 30000ms exceeded.
2025-02-25 22:47:54,072 - ERROR: Error extracting data from https://www.instagram.com/iamteresa0424/reel/DGakGMTSq9O/: Timeout 30000ms exceeded.
2025-02-25 22:48:30,237 - ERROR: Error extracting data from https://www.instagram.com/iamteresa0424/reel/DGVZe-HS44r/: Timeout 30000ms exceeded.
2025-02-25 22:49:01,102 - ERROR: Error extracting data from https://www.instagram.com/iamteresa0424/reel/DGU_RNGy-3p/: Timeout 30000ms exceeded.
2025-02-25 22:50:06,317 - ERROR: Error extracting data from https://www.instagram.com/iamteresa0424/reel/DGP1omzyHWN/: Timeout 30000ms exceeded.
2025-02-25 22:50:38,038 - ERROR: Error extracting data from https://www.instagram.com/iamteresa0424/reel/DGPLN3uycNQ/: Timeout 30000ms exceeded.
2025-02-25 22:51:20,714 - ERROR: Error extracting data from https://www.instagram.com/solo_guide/reel/DGfJSVjTuxh/: Timeout 30000ms exceeded.
2025-02-25 22:52:09,761 - ERROR: Error extracting data from https://www.instagram.com/solo_guide/reel/DGQKnzBT93P/: Timeout 30000ms exceeded.
2025-02-25 22:52:40,575 - ERROR: Error extracting data from https://www.instagram.com/solo_guide/reel/DGNqg0kT3WA/: Timeout 30000ms exceeded.
2025-02-25 22:53:30,620 - ERROR: Error extracting data from https://www.instagram.com/solo_guide/reel/DGF-TM6z8TL/: Timeout 30000ms exceeded.
2025-02-25 22:54:08,060 - ERROR: Error extracting data from https://www.instagram.com/solo_guide/reel/DGAvdmGTG8B/: Timeout 30000ms exceeded.
2025-02-25 22:55:11,163 - ERROR: Error extracting data from https://www.instagram.com/solo_guide/reel/DF15-9mzUuS/: Timeout 30000ms exceeded.
2025-02-25 22:55:42,019 - ERROR: Error extracting data from https://www.instagram.com/solo_guide/reel/DF0KRk2TgXP/: Timeout 30000ms exceeded.
2025-02-25 22:55:51,400 - INFO: JSON data saved as ig_data_20250225.json
2025-02-26 02:57:56,321 - ERROR: Error extracting data from https://www.instagram.com/iamteresa0424/reel/DBN_hNbSNzz/: Timeout 30000ms exceeded.
2025-02-26 02:59:41,902 - ERROR: Error extracting data from https://www.instagram.com/iamteresa0424/reel/DGU_RNGy-3p/: Timeout 30000ms exceeded.
2025-02-26 03:00:25,025 - ERROR: Error extracting data from https://www.instagram.com/iamteresa0424/reel/DGSah7oSxzU/: Timeout 30000ms exceeded.
2025-02-26 03:01:16,303 - ERROR: Error extracting data from https://www.instagram.com/iamteresa0424/reel/DGPLN3uycNQ/: Timeout 30000ms exceeded.
2025-02-26 03:02:14,423 - ERROR: Error extracting data from https://www.instagram.com/solo_guide/reel/DGUuQt-T6Bw/: Timeout 30000ms exceeded.
2025-02-26 03:02:57,196 - ERROR: Error extracting data from https://www.instagram.com/solo_guide/reel/DGMnk09znXG/: Timeout 30000ms exceeded.
2025-02-26 03:03:28,109 - ERROR: Error extracting data from https://www.instagram.com/solo_guide/reel/DGKiAgfz2RR/: Timeout 30000ms exceeded.
2025-02-26 03:04:06,601 - ERROR: Error extracting data from https://www.instagram.com/solo_guide/reel/DGF-TM6z8TL/: Timeout 30000ms exceeded.
2025-02-26 03:05:09,598 - ERROR: Error extracting data from https://www.instagram.com/solo_guide/reel/DF4dIvQTL84/: Timeout 30000ms exceeded.
2025-02-26 03:05:57,580 - ERROR: Error extracting data from https://www.instagram.com/solo_guide/reel/DF0KRk2TgXP/: Timeout 30000ms exceeded.
2025-02-26 03:06:08,236 - INFO: JSON data saved as ig_data_20250226.json
2025-02-26 05:11:50,500 - INFO: 開始處理用戶: iamteresa0424
2025-02-26 05:12:03,320 - INFO: 已處理 iamteresa0424 的第 1 個Reel
2025-02-26 05:12:11,884 - INFO: 已處理 iamteresa0424 的第 2 個Reel
2025-02-26 05:12:21,810 - INFO: 已處理 iamteresa0424 的第 3 個Reel
2025-02-26 05:12:31,256 - INFO: 已處理 iamteresa0424 的第 4 個Reel
2025-02-26 05:12:40,129 - INFO: 已處理 iamteresa0424 的第 5 個Reel
2025-02-26 05:12:48,164 - INFO: 已處理 iamteresa0424 的第 6 個Reel
2025-02-26 05:12:56,817 - INFO: 已處理 iamteresa0424 的第 7 個Reel
2025-02-26 05:13:07,343 - INFO: 已處理 iamteresa0424 的第 8 個Reel
2025-02-26 05:19:36,124 - INFO: 開始處理用戶: iamteresa0424
2025-02-26 05:19:47,982 - INFO: 已處理 iamteresa0424 的第 1 個Reel
2025-02-26 05:19:57,749 - INFO: 已處理 iamteresa0424 的第 2 個Reel
2025-02-26 05:20:06,468 - INFO: 已處理 iamteresa0424 的第 3 個Reel
2025-02-26 05:20:15,787 - INFO: 已處理 iamteresa0424 的第 4 個Reel
2025-02-26 05:20:26,190 - INFO: 已處理 iamteresa0424 的第 5 個Reel
2025-02-26 05:20:36,725 - INFO: 已處理 iamteresa0424 的第 6 個Reel
2025-02-26 05:20:45,215 - INFO: 已處理 iamteresa0424 的第 7 個Reel
2025-02-26 05:20:54,570 - INFO: 已處理 iamteresa0424 的第 8 個Reel
2025-02-26 05:20:59,496 - INFO: 已完成用戶 iamteresa0424 的數據處理
2025-02-26 05:21:05,681 - INFO: 開始處理用戶: solo_guide
2025-02-26 05:21:18,957 - INFO: 已處理 solo_guide 的第 1 個Reel
2025-02-26 05:21:28,172 - INFO: 已處理 solo_guide 的第 2 個Reel
2025-02-26 05:21:37,069 - INFO: 已處理 solo_guide 的第 3 個Reel
2025-02-26 05:21:46,314 - INFO: 已處理 solo_guide 的第 4 個Reel
2025-02-26 05:21:55,859 - INFO: 已處理 solo_guide 的第 5 個Reel
2025-02-26 05:22:03,908 - INFO: 已處理 solo_guide 的第 6 個Reel
2025-02-26 05:22:12,368 - INFO: 已處理 solo_guide 的第 7 個Reel
2025-02-26 05:22:21,781 - INFO: 已處理 solo_guide 的第 8 個Reel
2025-02-26 05:22:31,373 - INFO: 已處理 solo_guide 的第 9 個Reel
2025-02-26 05:22:40,649 - INFO: 已處理 solo_guide 的第 10 個Reel
2025-02-26 05:22:51,639 - INFO: 已處理 solo_guide 的第 11 個Reel
2025-02-26 05:23:00,447 - INFO: 已處理 solo_guide 的第 12 個Reel
2025-02-26 05:23:06,932 - INFO: 已完成用戶 solo_guide 的數據處理
2025-02-26 05:23:13,829 - INFO: 所有數據已保存到: /home/hank/KOL/output/ig_data_20250226.json
2025-02-26 05:31:53,602 - ERROR: Future exception was never retrieved
future: <Future finished exception=TargetClosedError('Target page, context or browser has been closed')>
playwright._impl._errors.TargetClosedError: Target page, context or browser has been closed
2025-02-26 05:45:02,484 - ERROR: Error processing reel: name 're' is not defined
2025-02-26 05:45:02,505 - ERROR: Error processing reel: name 're' is not defined
2025-02-26 05:45:02,534 - ERROR: Error processing reel: name 're' is not defined
2025-02-26 05:45:02,560 - ERROR: Error processing reel: name 're' is not defined
2025-02-26 05:45:02,598 - ERROR: Error processing reel: name 're' is not defined
2025-02-26 05:45:02,666 - ERROR: Error processing reel: name 're' is not defined
2025-02-26 05:45:02,726 - ERROR: Error processing reel: name 're' is not defined
2025-02-26 05:45:02,765 - ERROR: Error processing reel: name 're' is not defined
2025-02-26 05:45:02,825 - ERROR: Error processing reel: name 're' is not defined
2025-02-26 05:45:02,920 - ERROR: Error processing reel: name 're' is not defined
2025-02-26 05:45:02,966 - ERROR: Error processing reel: name 're' is not defined
2025-02-26 05:45:03,001 - ERROR: Error processing reel: name 're' is not defined
2025-02-26 05:45:07,089 - ERROR: Error processing reel: name 're' is not defined
2025-02-26 05:45:07,103 - ERROR: Error processing reel: name 're' is not defined
2025-02-26 05:45:07,126 - ERROR: Error processing reel: name 're' is not defined
2025-02-26 05:45:07,141 - ERROR: Error processing reel: name 're' is not defined
2025-02-26 05:45:07,163 - ERROR: Error processing reel: name 're' is not defined
2025-02-26 05:45:07,178 - ERROR: Error processing reel: name 're' is not defined
2025-02-26 05:45:07,206 - ERROR: Error processing reel: name 're' is not defined
2025-02-26 05:45:07,233 - ERROR: Error processing reel: name 're' is not defined
2025-02-26 05:45:07,254 - ERROR: Error processing reel: name 're' is not defined
2025-02-26 05:45:07,279 - ERROR: Error processing reel: name 're' is not defined
2025-02-26 05:45:07,296 - ERROR: Error processing reel: name 're' is not defined
2025-02-26 05:45:07,320 - ERROR: Error processing reel: name 're' is not defined
2025-02-26 05:45:10,276 - ERROR: Error processing reel: name 're' is not defined
2025-02-26 05:45:10,294 - ERROR: Error processing reel: name 're' is not defined
2025-02-26 05:45:10,326 - ERROR: Error processing reel: name 're' is not defined
2025-02-26 05:45:10,356 - ERROR: Error processing reel: name 're' is not defined
2025-02-26 05:45:10,380 - ERROR: Error processing reel: name 're' is not defined
2025-02-26 05:45:10,406 - ERROR: Error processing reel: name 're' is not defined
2025-02-26 05:45:10,431 - ERROR: Error processing reel: name 're' is not defined
2025-02-26 05:45:10,453 - ERROR: Error processing reel: name 're' is not defined
2025-02-26 05:45:10,475 - ERROR: Error processing reel: name 're' is not defined
2025-02-26 05:45:10,495 - ERROR: Error processing reel: name 're' is not defined
2025-02-26 05:45:10,530 - ERROR: Error processing reel: name 're' is not defined
2025-02-26 05:45:10,543 - ERROR: Error processing reel: name 're' is not defined
2025-02-26 05:45:14,013 - ERROR: Error processing reel: name 're' is not defined
2025-02-26 05:45:14,036 - ERROR: Error processing reel: name 're' is not defined
2025-02-26 05:45:14,060 - ERROR: Error processing reel: name 're' is not defined
2025-02-26 05:45:14,097 - ERROR: Error processing reel: name 're' is not defined
2025-02-26 05:45:14,112 - ERROR: Error processing reel: name 're' is not defined
2025-02-26 05:45:14,132 - ERROR: Error processing reel: name 're' is not defined
2025-02-26 05:45:14,176 - ERROR: Error processing reel: name 're' is not defined
2025-02-26 05:45:14,208 - ERROR: Error processing reel: name 're' is not defined
2025-02-26 05:45:14,232 - ERROR: Error processing reel: name 're' is not defined
2025-02-26 05:45:14,257 - ERROR: Error processing reel: name 're' is not defined
2025-02-26 05:45:14,272 - ERROR: Error processing reel: name 're' is not defined
2025-02-26 05:45:14,300 - ERROR: Error processing reel: name 're' is not defined
2025-02-26 05:45:21,662 - ERROR: Future exception was never retrieved
future: <Future finished exception=TargetClosedError('Target page, context or browser has been closed')>
playwright._impl._errors.TargetClosedError: Target page, context or browser has been closed
2025-02-26 05:45:34,017 - ERROR: Error processing reel: name 're' is not defined
2025-02-26 05:45:34,091 - ERROR: Error processing reel: name 're' is not defined
2025-02-26 05:45:34,106 - ERROR: Error processing reel: name 're' is not defined
2025-02-26 05:45:34,128 - ERROR: Error processing reel: name 're' is not defined
2025-02-26 05:45:34,162 - ERROR: Error processing reel: name 're' is not defined
2025-02-26 05:45:34,185 - ERROR: Error processing reel: name 're' is not defined
2025-02-26 05:45:34,224 - ERROR: Error processing reel: name 're' is not defined
2025-02-26 05:45:34,245 - ERROR: Error processing reel: name 're' is not defined
2025-02-26 05:45:34,258 - ERROR: Error processing reel: name 're' is not defined
2025-02-26 05:45:34,284 - ERROR: Error processing reel: name 're' is not defined
2025-02-26 05:45:34,302 - ERROR: Error processing reel: name 're' is not defined
2025-02-26 05:45:34,318 - ERROR: Error processing reel: name 're' is not defined
2025-02-26 05:45:37,854 - ERROR: Error processing reel: name 're' is not defined
2025-02-26 05:45:37,871 - ERROR: Error processing reel: name 're' is not defined
2025-02-26 05:45:37,893 - ERROR: Error processing reel: name 're' is not defined
2025-02-26 05:45:37,908 - ERROR: Error processing reel: name 're' is not defined
2025-02-26 05:45:37,934 - ERROR: Error processing reel: name 're' is not defined
2025-02-26 05:45:37,954 - ERROR: Error processing reel: name 're' is not defined
2025-02-26 05:45:37,993 - ERROR: Error processing reel: name 're' is not defined
2025-02-26 05:45:38,022 - ERROR: Error processing reel: name 're' is not defined
2025-02-26 05:45:38,055 - ERROR: Error processing reel: name 're' is not defined
2025-02-26 05:45:38,082 - ERROR: Error processing reel: name 're' is not defined
2025-02-26 05:45:38,102 - ERROR: Error processing reel: name 're' is not defined
2025-02-26 05:45:38,122 - ERROR: Error processing reel: name 're' is not defined
2025-02-26 05:45:41,949 - ERROR: Error processing reel: name 're' is not defined
2025-02-26 05:45:41,977 - ERROR: Error processing reel: name 're' is not defined
2025-02-26 05:45:41,991 - ERROR: Error processing reel: name 're' is not defined
2025-02-26 05:45:42,014 - ERROR: Error processing reel: name 're' is not defined
2025-02-26 05:45:42,042 - ERROR: Error processing reel: name 're' is not defined
2025-02-26 05:45:42,076 - ERROR: Error processing reel: name 're' is not defined
2025-02-26 05:45:42,092 - ERROR: Error processing reel: name 're' is not defined
2025-02-26 05:45:42,119 - ERROR: Error processing reel: name 're' is not defined
2025-02-26 05:45:42,140 - ERROR: Error processing reel: name 're' is not defined
2025-02-26 05:45:42,151 - ERROR: Error processing reel: name 're' is not defined
2025-02-26 05:45:42,175 - ERROR: Error processing reel: name 're' is not defined
2025-02-26 05:45:42,189 - ERROR: Error processing reel: name 're' is not defined
2025-02-26 05:45:46,330 - ERROR: Error processing reel: name 're' is not defined
2025-02-26 05:45:46,601 - ERROR: Error processing reel: name 're' is not defined
2025-02-26 05:45:46,642 - ERROR: Error processing reel: name 're' is not defined
2025-02-26 05:45:46,666 - ERROR: Error processing reel: name 're' is not defined
2025-02-26 05:45:46,701 - ERROR: Error processing reel: name 're' is not defined
2025-02-26 05:45:46,718 - ERROR: Error processing reel: name 're' is not defined
2025-02-26 05:45:46,737 - ERROR: Error processing reel: name 're' is not defined
2025-02-26 05:45:46,751 - ERROR: Error processing reel: name 're' is not defined
2025-02-26 05:45:46,768 - ERROR: Error processing reel: name 're' is not defined
2025-02-26 05:45:46,786 - ERROR: Error processing reel: name 're' is not defined
2025-02-26 05:45:46,821 - ERROR: Error processing reel: name 're' is not defined
2025-02-26 05:45:46,854 - ERROR: Error processing reel: name 're' is not defined
2025-02-26 05:46:03,165 - ERROR: Error processing reel: name 're' is not defined
2025-02-26 05:46:03,208 - ERROR: Error processing reel: name 're' is not defined
2025-02-26 05:46:03,235 - ERROR: Error processing reel: name 're' is not defined
2025-02-26 05:46:03,258 - ERROR: Error processing reel: name 're' is not defined
2025-02-26 05:46:03,275 - ERROR: Error processing reel: name 're' is not defined
2025-02-26 05:46:03,309 - ERROR: Error processing reel: name 're' is not defined
2025-02-26 05:46:03,337 - ERROR: Error processing reel: name 're' is not defined
2025-02-26 05:46:03,366 - ERROR: Error processing reel: name 're' is not defined
2025-02-26 05:46:03,386 - ERROR: Error processing reel: name 're' is not defined
2025-02-26 05:46:03,408 - ERROR: Error processing reel: name 're' is not defined
2025-02-26 05:46:03,424 - ERROR: Error processing reel: name 're' is not defined
2025-02-26 05:46:03,458 - ERROR: Error processing reel: name 're' is not defined
2025-02-26 05:46:06,787 - ERROR: Error processing reel: name 're' is not defined
2025-02-26 05:46:06,810 - ERROR: Error processing reel: name 're' is not defined
2025-02-26 05:46:06,834 - ERROR: Error processing reel: name 're' is not defined
2025-02-26 05:46:06,857 - ERROR: Error processing reel: name 're' is not defined
2025-02-26 05:46:06,876 - ERROR: Error processing reel: name 're' is not defined
2025-02-26 05:46:06,922 - ERROR: Error processing reel: name 're' is not defined
2025-02-26 05:46:06,956 - ERROR: Error processing reel: name 're' is not defined
2025-02-26 05:46:07,005 - ERROR: Error processing reel: name 're' is not defined
2025-02-26 05:46:07,031 - ERROR: Error processing reel: name 're' is not defined
2025-02-26 05:46:07,053 - ERROR: Error processing reel: name 're' is not defined
2025-02-26 05:46:07,079 - ERROR: Error processing reel: name 're' is not defined
2025-02-26 05:46:07,125 - ERROR: Error processing reel: name 're' is not defined
2025-02-26 05:46:09,835 - ERROR: Error processing reel: name 're' is not defined
2025-02-26 05:46:09,853 - ERROR: Error processing reel: name 're' is not defined
2025-02-26 05:46:09,880 - ERROR: Error processing reel: name 're' is not defined
2025-02-26 05:46:09,911 - ERROR: Error processing reel: name 're' is not defined
2025-02-26 05:46:09,925 - ERROR: Error processing reel: name 're' is not defined
2025-02-26 05:46:09,949 - ERROR: Error processing reel: name 're' is not defined
2025-02-26 05:46:09,976 - ERROR: Error processing reel: name 're' is not defined
2025-02-26 05:46:10,001 - ERROR: Error processing reel: name 're' is not defined
2025-02-26 05:46:10,023 - ERROR: Error processing reel: name 're' is not defined
2025-02-26 05:46:10,050 - ERROR: Error processing reel: name 're' is not defined
2025-02-26 05:46:10,072 - ERROR: Error processing reel: name 're' is not defined
2025-02-26 05:46:10,093 - ERROR: Error processing reel: name 're' is not defined
2025-02-26 05:46:13,345 - ERROR: Error processing reel: name 're' is not defined
2025-02-26 05:46:13,376 - ERROR: Error processing reel: name 're' is not defined
2025-02-26 05:46:13,464 - ERROR: Error processing reel: name 're' is not defined
2025-02-26 05:46:13,580 - ERROR: Error processing reel: name 're' is not defined
2025-02-26 05:46:13,608 - ERROR: Error processing reel: name 're' is not defined
2025-02-26 05:46:13,634 - ERROR: Error processing reel: name 're' is not defined
2025-02-26 05:46:13,657 - ERROR: Error processing reel: name 're' is not defined
2025-02-26 05:46:13,730 - ERROR: Error processing reel: name 're' is not defined
2025-02-26 05:46:13,790 - ERROR: Error processing reel: name 're' is not defined
2025-02-26 05:46:13,843 - ERROR: Error processing reel: name 're' is not defined
2025-02-26 05:46:13,898 - ERROR: Error processing reel: name 're' is not defined
2025-02-26 05:46:13,934 - ERROR: Error processing reel: name 're' is not defined
2025-02-26 05:46:21,739 - INFO: JSON data saved as /home/hank/KOL/output/ig_data_20250226.json
2025-02-26 05:56:15,505 - ERROR: Error extracting data from https://www.instagram.com/iamteresa0424/reel/DBN_hNbSNzz/: Timeout 30000ms exceeded.
2025-02-26 05:56:46,467 - ERROR: Error extracting data from https://www.instagram.com/iamteresa0424/reel/C8I7Ca0vJVm/: Timeout 30000ms exceeded.
2025-02-26 05:57:17,343 - ERROR: Error extracting data from https://www.instagram.com/iamteresa0424/reel/C6_VJRaP0Bz/: Timeout 30000ms exceeded.
2025-02-26 05:57:48,214 - ERROR: Error extracting data from https://www.instagram.com/iamteresa0424/reel/DGhOQqaS-wq/: Timeout 30000ms exceeded.
2025-02-26 05:58:18,982 - ERROR: Error extracting data from https://www.instagram.com/iamteresa0424/reel/DGfrd40y11Y/: Timeout 30000ms exceeded.
2025-02-26 05:58:59,865 - ERROR: Error extracting data from https://www.instagram.com/iamteresa0424/reel/DGdHJPkSprU/: Timeout 30000ms exceeded.
2025-02-26 05:59:30,689 - ERROR: Error extracting data from https://www.instagram.com/iamteresa0424/reel/DGcq3-xS_x_/: Timeout 30000ms exceeded.
2025-02-26 06:00:01,508 - ERROR: Error extracting data from https://www.instagram.com/iamteresa0424/reel/DGakGMTSq9O/: Timeout 30000ms exceeded.
2025-02-26 06:00:43,839 - ERROR: Error extracting data from https://www.instagram.com/iamteresa0424/reel/DGU_RNGy-3p/: Timeout 30000ms exceeded.
2025-02-26 06:01:37,728 - ERROR: Error extracting data from https://www.instagram.com/iamteresa0424/reel/DGQQIzpSRxT/: Timeout 30000ms exceeded.
2025-02-26 06:02:14,055 - ERROR: Error extracting data from https://www.instagram.com/iamteresa0424/reel/DGPLN3uycNQ/: Timeout 30000ms exceeded.
2025-02-26 06:02:49,368 - ERROR: Error extracting data from https://www.instagram.com/solo_guide/reel/DGfJSVjTuxh/: Timeout 30000ms exceeded.
2025-02-26 06:03:20,157 - ERROR: Error extracting data from https://www.instagram.com/solo_guide/reel/DGdMFpPzVn4/: Timeout 30000ms exceeded.
2025-02-26 06:03:56,383 - ERROR: Error extracting data from https://www.instagram.com/solo_guide/reel/DGUuQt-T6Bw/: Timeout 30000ms exceeded.
2025-02-26 06:04:39,752 - ERROR: Error extracting data from https://www.instagram.com/solo_guide/reel/DGMnk09znXG/: Timeout 30000ms exceeded.
2025-02-26 06:05:10,413 - ERROR: Error extracting data from https://www.instagram.com/solo_guide/reel/DGKiAgfz2RR/: Timeout 30000ms exceeded.
2025-02-26 06:05:41,180 - ERROR: Error extracting data from https://www.instagram.com/solo_guide/reel/DGIH07nzD4b/: Timeout 30000ms exceeded.
2025-02-26 06:06:11,993 - ERROR: Error extracting data from https://www.instagram.com/solo_guide/reel/DGF-TM6z8TL/: Timeout 30000ms exceeded.
2025-02-26 06:06:55,053 - ERROR: Error extracting data from https://www.instagram.com/solo_guide/reel/DF_x5vBzFO8/: Timeout 30000ms exceeded.
2025-02-26 06:07:25,787 - ERROR: Error extracting data from https://www.instagram.com/solo_guide/reel/DF9kMCHTzxh/: Timeout 30000ms exceeded.
2025-02-26 06:07:56,457 - ERROR: Error extracting data from https://www.instagram.com/solo_guide/reel/DF6iPJLzHeY/: Timeout 30000ms exceeded.
2025-02-26 06:08:37,843 - ERROR: Error extracting data from https://www.instagram.com/solo_guide/reel/DF15-9mzUuS/: Timeout 30000ms exceeded.
2025-02-26 06:09:08,867 - ERROR: Error extracting data from https://www.instagram.com/solo_guide/reel/DF0KRk2TgXP/: Timeout 30000ms exceeded.
2025-02-26 06:09:39,686 - ERROR: Error extracting data from https://www.instagram.com/solo_guide/reel/DFwOOywTvzd/: Timeout 30000ms exceeded.
2025-02-26 06:09:44,049 - INFO: JSON data saved as /home/hank/KOL/output/ig_data_20250226.json
